mode: set
github.com/mobanhawi/modgraphfind/graph.go:16.29,18.2 1 1
github.com/mobanhawi/modgraphfind/graph.go:29.26,32.19 3 1
github.com/mobanhawi/modgraphfind/graph.go:32.19,35.3 2 1
github.com/mobanhawi/modgraphfind/graph.go:38.2,38.46 1 1
github.com/mobanhawi/modgraphfind/graph.go:38.46,40.3 1 1
github.com/mobanhawi/modgraphfind/graph.go:41.2,41.14 1 1
github.com/mobanhawi/modgraphfind/graph.go:44.39,46.18 2 1
github.com/mobanhawi/modgraphfind/graph.go:46.18,49.3 2 1
github.com/mobanhawi/modgraphfind/graph.go:50.2,50.14 1 1
github.com/mobanhawi/modgraphfind/graph.go:53.48,55.23 2 1
github.com/mobanhawi/modgraphfind/graph.go:55.23,58.3 2 1
github.com/mobanhawi/modgraphfind/graph.go:61.32,63.19 2 1
github.com/mobanhawi/modgraphfind/graph.go:63.19,65.3 1 1
github.com/mobanhawi/modgraphfind/graph.go:66.2,66.21 1 1
github.com/mobanhawi/modgraphfind/graph.go:70.47,75.23 4 1
github.com/mobanhawi/modgraphfind/graph.go:75.23,76.15 1 1
github.com/mobanhawi/modgraphfind/graph.go:76.15,79.24 2 1
github.com/mobanhawi/modgraphfind/graph.go:79.24,83.5 2 1
github.com/mobanhawi/modgraphfind/graph.go:86.2,86.26 1 1
github.com/mobanhawi/modgraphfind/graph.go:86.26,88.3 1 1
github.com/mobanhawi/modgraphfind/graph.go:89.2,89.12 1 1
github.com/mobanhawi/modgraphfind/graph.go:94.34,96.26 2 0
github.com/mobanhawi/modgraphfind/graph.go:96.26,98.27 2 0
github.com/mobanhawi/modgraphfind/graph.go:98.27,100.4 1 0
github.com/mobanhawi/modgraphfind/graph.go:102.2,102.12 1 0
github.com/mobanhawi/modgraphfind/graph.go:106.51,110.35 3 1
github.com/mobanhawi/modgraphfind/graph.go:110.35,111.37 1 1
github.com/mobanhawi/modgraphfind/graph.go:111.37,113.18 2 1
github.com/mobanhawi/modgraphfind/graph.go:113.18,115.5 1 0
github.com/mobanhawi/modgraphfind/graph.go:118.2,119.8 2 1
github.com/mobanhawi/modgraphfind/main.go:23.14,26.2 2 0
github.com/mobanhawi/modgraphfind/main.go:28.13,34.22 5 0
github.com/mobanhawi/modgraphfind/main.go:34.22,36.3 1 0
github.com/mobanhawi/modgraphfind/main.go:38.2,38.71 1 0
github.com/mobanhawi/modgraphfind/main.go:38.71,40.3 1 0
github.com/mobanhawi/modgraphfind/main.go:44.70,47.16 2 1
github.com/mobanhawi/modgraphfind/main.go:47.16,49.3 1 1
github.com/mobanhawi/modgraphfind/main.go:52.2,53.30 2 1
github.com/mobanhawi/modgraphfind/main.go:53.30,56.3 2 1
github.com/mobanhawi/modgraphfind/main.go:61.2,66.16 4 1
github.com/mobanhawi/modgraphfind/main.go:66.16,68.3 1 0
github.com/mobanhawi/modgraphfind/main.go:69.2,70.16 2 1
github.com/mobanhawi/modgraphfind/main.go:70.16,72.3 1 0
github.com/mobanhawi/modgraphfind/main.go:73.2,73.12 1 1
github.com/mobanhawi/modgraphfind/main.go:77.40,82.21 3 1
github.com/mobanhawi/modgraphfind/main.go:82.21,84.14 2 1
github.com/mobanhawi/modgraphfind/main.go:84.14,85.12 1 1
github.com/mobanhawi/modgraphfind/main.go:87.3,88.22 2 1
github.com/mobanhawi/modgraphfind/main.go:88.22,90.4 1 1
github.com/mobanhawi/modgraphfind/main.go:91.3,94.41 3 1
github.com/mobanhawi/modgraphfind/main.go:96.2,96.15 1 1
